<?xml version="1.0" encoding="UTF-8"?>
<testsuite name="cc.AppTest" tests="2" skipped="0" failures="0" errors="0" timestamp="2021-08-03T10:20:49" hostname="DESKTOP-IS5EF9E" time="0.033">
  <properties/>
  <testcase name="testMethods()" classname="cc.AppTest" time="0.027"/>
  <testcase name="appHasAGreeting()" classname="cc.AppTest" time="0.004"/>
  <system-out><![CDATA[]]></system-out>
  <system-err><![CDATA[]]></system-err>
</testsuite>
