<?xml version="1.0" encoding="UTF-8"?>
<testsuite name="cc.AppTest" tests="2" skipped="0" failures="0" errors="0" timestamp="2021-09-07T15:40:15" hostname="DESKTOP-IS5EF9E" time="0.07">
  <properties/>
  <testcase name="testMethods()" classname="cc.AppTest" time="0.066"/>
  <testcase name="appHasAGreeting()" classname="cc.AppTest" time="0.002"/>
  <system-out><![CDATA[]]></system-out>
  <system-err><![CDATA[]]></system-err>
</testsuite>
