<?xml version="1.0" encoding="UTF-8"?>
<testsuite name="cc.AppTest" tests="1" skipped="0" failures="0" errors="0" timestamp="2021-08-30T16:58:36" hostname="DESKTOP-IS5EF9E" time="0.054">
  <properties/>
  <testcase name="mergSrortTesting()" classname="cc.AppTest" time="0.054"/>
  <system-out><![CDATA[5 6 11 12 13 
]]></system-out>
  <system-err><![CDATA[]]></system-err>
</testsuite>
